<?xml version="1.0" encoding="UTF-8"?>
<!-- Generated by org.testng.reporters.JUnitXMLReporter -->
<testsuite hostname="DESKTOP-D0A0C5D" ignored="0" name="Default test" tests="3" failures="0" timestamp="2019-08-02T22:57:05 CDT" time="24.859" errors="0">
  <testcase name="crmLogoImageTest" time="0.088" classname="com.crm.qa.testcases.LoginPageTest"/>
  <testcase name="loginPageTitleTest" time="0.048" classname="com.crm.qa.testcases.LoginPageTest"/>
  <testcase name="loginTest" time="2.623" classname="com.crm.qa.testcases.LoginPageTest"/>
</testsuite> <!-- Default test -->
