<?xml version="1.0" encoding="UTF-8"?>
<testng-results skipped="0" failed="0" ignored="0" total="4" passed="4">
  <reporter-output>
  </reporter-output>
  <suite name="Free CRM Application Test Automation Suite" duration-ms="32063" started-at="2019-08-02T23:06:10 CDT" finished-at="2019-08-02T23:06:42 CDT">
    <groups>
    </groups>
    <test name="Free CRM App Test Cases" duration-ms="32063" started-at="2019-08-02T23:06:10 CDT" finished-at="2019-08-02T23:06:42 CDT">
      <class name="com.crm.qa.testcases.HomePageTest">
        <test-method status="PASS" signature="SetUp()[pri:0, instance:com.crm.qa.testcases.HomePageTest@3632be31]" name="SetUp" is-config="true" duration-ms="8383" started-at="2019-08-02T23:06:10 CDT" finished-at="2019-08-02T23:06:18 CDT">
          <reporter-output>
          </reporter-output>
        </test-method> <!-- SetUp -->
        <test-method status="PASS" signature="verifyHomePageTitleTest()[pri:1, instance:com.crm.qa.testcases.HomePageTest@3632be31]" name="verifyHomePageTitleTest" duration-ms="16" started-at="2019-08-02T23:06:18 CDT" finished-at="2019-08-02T23:06:18 CDT">
          <reporter-output>
          </reporter-output>
        </test-method> <!-- verifyHomePageTitleTest -->
        <test-method status="PASS" signature="tearDown()[pri:0, instance:com.crm.qa.testcases.HomePageTest@3632be31]" name="tearDown" is-config="true" duration-ms="992" started-at="2019-08-02T23:06:18 CDT" finished-at="2019-08-02T23:06:19 CDT">
          <reporter-output>
          </reporter-output>
        </test-method> <!-- tearDown -->
      </class> <!-- com.crm.qa.testcases.HomePageTest -->
      <class name="com.crm.qa.testcases.LoginPageTest">
        <test-method status="PASS" signature="SetUp()[pri:0, instance:com.crm.qa.testcases.LoginPageTest@5abca1e0]" name="SetUp" is-config="true" duration-ms="6276" started-at="2019-08-02T23:06:19 CDT" finished-at="2019-08-02T23:06:26 CDT">
          <reporter-output>
          </reporter-output>
        </test-method> <!-- SetUp -->
        <test-method status="PASS" signature="crmLogoImageTest()[pri:0, instance:com.crm.qa.testcases.LoginPageTest@5abca1e0]" name="crmLogoImageTest" duration-ms="102" started-at="2019-08-02T23:06:26 CDT" finished-at="2019-08-02T23:06:26 CDT">
          <reporter-output>
          </reporter-output>
        </test-method> <!-- crmLogoImageTest -->
        <test-method status="PASS" signature="tearDown()[pri:0, instance:com.crm.qa.testcases.LoginPageTest@5abca1e0]" name="tearDown" is-config="true" duration-ms="723" started-at="2019-08-02T23:06:26 CDT" finished-at="2019-08-02T23:06:27 CDT">
          <reporter-output>
          </reporter-output>
        </test-method> <!-- tearDown -->
        <test-method status="PASS" signature="SetUp()[pri:0, instance:com.crm.qa.testcases.LoginPageTest@5abca1e0]" name="SetUp" is-config="true" duration-ms="6717" started-at="2019-08-02T23:06:27 CDT" finished-at="2019-08-02T23:06:33 CDT">
          <reporter-output>
          </reporter-output>
        </test-method> <!-- SetUp -->
        <test-method status="PASS" signature="loginPageTitleTest()[pri:0, instance:com.crm.qa.testcases.LoginPageTest@5abca1e0]" name="loginPageTitleTest" duration-ms="24" started-at="2019-08-02T23:06:33 CDT" finished-at="2019-08-02T23:06:33 CDT">
          <reporter-output>
          </reporter-output>
        </test-method> <!-- loginPageTitleTest -->
        <test-method status="PASS" signature="tearDown()[pri:0, instance:com.crm.qa.testcases.LoginPageTest@5abca1e0]" name="tearDown" is-config="true" duration-ms="744" started-at="2019-08-02T23:06:33 CDT" finished-at="2019-08-02T23:06:34 CDT">
          <reporter-output>
          </reporter-output>
        </test-method> <!-- tearDown -->
        <test-method status="PASS" signature="SetUp()[pri:0, instance:com.crm.qa.testcases.LoginPageTest@5abca1e0]" name="SetUp" is-config="true" duration-ms="6679" started-at="2019-08-02T23:06:34 CDT" finished-at="2019-08-02T23:06:41 CDT">
          <reporter-output>
          </reporter-output>
        </test-method> <!-- SetUp -->
        <test-method status="PASS" signature="loginTest()[pri:0, instance:com.crm.qa.testcases.LoginPageTest@5abca1e0]" name="loginTest" duration-ms="585" started-at="2019-08-02T23:06:41 CDT" finished-at="2019-08-02T23:06:41 CDT">
          <reporter-output>
          </reporter-output>
        </test-method> <!-- loginTest -->
        <test-method status="PASS" signature="tearDown()[pri:0, instance:com.crm.qa.testcases.LoginPageTest@5abca1e0]" name="tearDown" is-config="true" duration-ms="759" started-at="2019-08-02T23:06:41 CDT" finished-at="2019-08-02T23:06:42 CDT">
          <reporter-output>
          </reporter-output>
        </test-method> <!-- tearDown -->
      </class> <!-- com.crm.qa.testcases.LoginPageTest -->
    </test> <!-- Free CRM App Test Cases -->
  </suite> <!-- Free CRM Application Test Automation Suite -->
</testng-results>
